
Showing logs for build [32mcb-kubecd-environment-pr-175-2-wk566-1[0m stage [32mfrom-build-pack[0m and container [32mstep-credential-initializer-klkwh[0m
{"level":"warn","ts":1583464868.5563602,"logger":"fallback-logger","caller":"logging/config.go:69","msg":"Fetch GitHub commit ID from kodata failed: \"ref: refs/heads/0.8.0-**-support-backwards-incompats\" is not a valid GitHub commit ID"}
{"level":"info","ts":1583464868.5569708,"logger":"fallback-logger","caller":"creds-init/main.go:40","msg":"Credentials initialized."}

Showing logs for build [32mcb-kubecd-environment-pr-175-2-wk566-1[0m stage [32mfrom-build-pack[0m and container [32mstep-working-dir-initializer-4trxr[0m
{"level":"warn","ts":1583464869.0769563,"logger":"fallback-logger","caller":"logging/config.go:69","msg":"Fetch GitHub commit ID from kodata failed: open /var/run/ko/HEAD: no such file or directory"}
{"level":"info","ts":1583464869.078967,"logger":"fallback-logger","caller":"bash/main.go:64","msg":"Successfully executed command \"sh -c mkdir -p /workspace/source\"; output "}

Showing logs for build [32mcb-kubecd-environment-pr-175-2-wk566-1[0m stage [32mfrom-build-pack[0m and container [32mstep-place-tools[0m

Showing logs for build [32mcb-kubecd-environment-pr-175-2-wk566-1[0m stage [32mfrom-build-pack[0m and container [32mstep-git-source-cb-kubecd-environment-pr-175-2-wk566-hwlht[0m
{"level":"warn","ts":1583464873.4566116,"logger":"fallback-logger","caller":"logging/config.go:69","msg":"Fetch GitHub commit ID from kodata failed: \"ref: refs/heads/0.8.0-**-support-backwards-incompats\" is not a valid GitHub commit ID"}
{"level":"info","ts":1583464874.4970956,"logger":"fallback-logger","caller":"git/git.go:103","msg":"Successfully cloned https://github.com/cb-kubecd/environment-pr-175-2-boot-vault-gke-staging.git @ master in path /workspace/source"}

Showing logs for build [32mcb-kubecd-environment-pr-175-2-wk566-1[0m stage [32mfrom-build-pack[0m and container [32mstep-git-merge[0m
Using SHAs from PULL_REFS=master:fe6f89b4049cb75e2263a151b76dbd54bc90ec28,3:a45485f57fd2f3c63accbaf63e4b7ea69b9cc129
DEBUG: JX_LOG_LEVEL=error LC_ALL=C git fetch origin --unshallow a45485f57fd2f3c63accbaf63e4b7ea69b9cc129: fe6f89b4049cb75e2263a151b76dbd54bc90ec28:
DEBUG: ran git fetch --unshallow origin a45485f57fd2f3c63accbaf63e4b7ea69b9cc129: fe6f89b4049cb75e2263a151b76dbd54bc90ec28: in 
DEBUG: LC_ALL=C JX_LOG_LEVEL=error git branch
DEBUG: LC_ALL=C JX_LOG_LEVEL=error git checkout master
DEBUG: ran git checkout master in 
DEBUG: LC_ALL=C JX_LOG_LEVEL=error git reset --hard fe6f89b4049cb75e2263a151b76dbd54bc90ec28
DEBUG: ran git reset --hard fe6f89b4049cb75e2263a151b76dbd54bc90ec28 in 
DEBUG: LC_ALL=C JX_LOG_LEVEL=error git clean -fd .
DEBUG: ran clean --force -d . in 
DEBUG: LC_ALL=C JX_LOG_LEVEL=error git merge a45485f57fd2f3c63accbaf63e4b7ea69b9cc129
DEBUG: ran git merge a45485f57fd2f3c63accbaf63e4b7ea69b9cc129 in 
DEBUG: LC_ALL=C JX_LOG_LEVEL=error git log --format=%H%x1f%an%x1f%ae%x1f%cn%x1f%ce%x1f%s%n%b%x1e fe6f89b4049cb75e2263a151b76dbd54bc90ec28..HEAD
Merged SHA a45485f57fd2f3c63accbaf63e4b7ea69b9cc129 with commit message 'chore: Promote bdd-sbhg-1583463336 to version 0.0.1' into base branch master

Showing logs for build [32mcb-kubecd-environment-pr-175-2-wk566-1[0m stage [32mfrom-build-pack[0m and container [32mstep-build-helm-build[0m
WARNING: No $CHART_REPOSITORY defined so using the default value of: http://jenkins-x-chartmuseum:8080
Adding missing Helm repo: storage.googleapis.com https://storage.googleapis.com/chartmuseum.jenkins-x.io
WARNING: No secrets found on "helm/repos" due: reading the secret "helm/repos" from vault: no secret "helm/repos" not found in vault
Read credentials for https://storage.googleapis.com/chartmuseum.jenkins-x.io from vault helm/repos
Successfully added Helm repository storage.googleapis.com.
Adding missing Helm repo: jenkins-x-chartmuseum http://jenkins-x-chartmuseum:8080
WARNING: No secrets found on "helm/repos" due: reading the secret "helm/repos" from vault: no secret "helm/repos" not found in vault
Read credentials for http://jenkins-x-chartmuseum:8080 from vault helm/repos
Successfully added Helm repository jenkins-x-chartmuseum.
WARNING: No $CHART_REPOSITORY defined so using the default value of: http://jenkins-x-chartmuseum:8080
Adding missing Helm repo: chartmuseum.jenkins-x.io http://chartmuseum.jenkins-x.io
WARNING: No secrets found on "helm/repos" due: reading the secret "helm/repos" from vault: no secret "helm/repos" not found in vault
Read credentials for http://chartmuseum.jenkins-x.io from vault helm/repos
Successfully added Helm repository chartmuseum.jenkins-x.io.
